13:57:20 [Skill] INFO  Skill:138 - Connecting to Furhat server on 192.168.10.131:1932
13:57:23 [InterviewrobotSkill] INFO  InterviewrobotSkill:165 - Starting skill
13:57:26 [InterviewrobotSkill] ERROR InitRunner: 28 - java.lang.NullPointerException
13:57:26 [ErrorLoggingThread] ERROR InterviewrobotSkill:458 - java.lang.NullPointerException
	at furhatos.skills.FurhatSpeech.getVoices(FurhatSpeech.java:294)
	at furhatos.skills.FurhatEventWrapper.getVoices(FurhatEventWrapper.java:33)
	at furhatos.skills.FurhatSpeech.getVoice(FurhatSpeech.java:303)
	at furhatos.skills.FurhatEventWrapper.getVoice(FurhatEventWrapper.java:33)
	at furhatos.skills.FurhatSpeech.setVoiceAndInputLanguage(FurhatSpeech.java:283)
	at furhatos.skills.FurhatEventWrapper.setVoiceAndInputLanguage(FurhatEventWrapper.java:33)
	at furhatos.flow.kotlin.Furhat.setVoice(Furhat.kt:909)
	at furhatos.flow.kotlin.Furhat.internalSetVoice(Furhat.kt:930)
	at furhatos.flow.kotlin.Furhat.setVoice(Furhat.kt:945)
	at furhatos.flow.kotlin.Furhat.setVoice$default(Furhat.kt:943)
	at furhatos.app.interviewrobot.flow.GeneralKt$Idle$1$1.invoke(general.kt:9)
	at furhatos.app.interviewrobot.flow.GeneralKt$Idle$1$1.invoke(general.kt)
	at furhatos.flow.kotlin.InitRunner.run(InitRunner.kt:25)
	at furhatos.flow.kotlin.StateRunner.runInitTrigger(StateRunner.kt:215)
	at furhatos.flow.kotlin.StateRunner.run(StateRunner.kt:64)
	at furhatos.flow.kotlin.Flow.tailRecRun(Flow.kt:147)
	at furhatos.flow.kotlin.Flow.run(Flow.kt:111)
	at furhatos.app.interviewrobot.InterviewrobotSkill.start(main.kt:9)
	at furhatos.skills.Skill.initializeSkill(Skill.java:168)
	at furhatos.skills.Skill.lambda$startSkill$2(Skill.java:226)
	at java.lang.Thread.run(Thread.java:748)

13:57:43 [InterviewrobotSkill] WARN  Flow: 94 - Flow unknown unresponsive, 5791 ms since last event poll
14:05:30 [InterviewrobotSkill] WARN  Flow: 94 - Flow unknown unresponsive, 3656 ms since last event poll
